<?xml version="1.0" encoding="UTF-8"?>
<coverage generated="1774328012453" clover="3.2.0">
  <project timestamp="1774328012453" name="All files">
    <metrics statements="33" coveredstatements="33" conditionals="37" coveredconditionals="37" methods="5" coveredmethods="5" elements="75" coveredelements="75" complexity="0" loc="33" ncloc="33" packages="1" files="1" classes="1"/>
    <file name="checkout-utils.js" path="/Users/simongonzalezdecruz/workspaces/cerafica/netlify/functions/checkout-utils.js">
      <metrics statements="33" coveredstatements="33" conditionals="37" coveredconditionals="37" methods="5" coveredmethods="5"/>
      <line num="7" count="2" type="stmt"/>
      <line num="18" count="16" type="cond" truecount="2" falsecount="0"/>
      <line num="28" count="85" type="cond" truecount="4" falsecount="0"/>
      <line num="29" count="4" type="stmt"/>
      <line num="32" count="81" type="stmt"/>
      <line num="34" count="81" type="stmt"/>
      <line num="36" count="183" type="cond" truecount="2" falsecount="0"/>
      <line num="39" count="83" type="cond" truecount="4" falsecount="0"/>
      <line num="40" count="2" type="stmt"/>
      <line num="44" count="81" type="cond" truecount="5" falsecount="0"/>
      <line num="45" count="12" type="stmt"/>
      <line num="49" count="88" type="stmt"/>
      <line num="51" count="69" type="cond" truecount="2" falsecount="0"/>
      <line num="52" count="28" type="stmt"/>
      <line num="56" count="41" type="cond" truecount="4" falsecount="0"/>
      <line num="57" count="4" type="stmt"/>
      <line num="61" count="37" type="stmt"/>
      <line num="62" count="37" type="cond" truecount="2" falsecount="0"/>
      <line num="63" count="1" type="stmt"/>
      <line num="65" count="36" type="stmt"/>
      <line num="66" count="36" type="cond" truecount="4" falsecount="0"/>
      <line num="67" count="4" type="stmt"/>
      <line num="71" count="32" type="cond" truecount="4" falsecount="0"/>
      <line num="72" count="2" type="stmt"/>
      <line num="76" count="30" type="cond" truecount="2" falsecount="0"/>
      <line num="77" count="9" type="stmt"/>
      <line num="80" count="30" type="stmt"/>
      <line num="95" count="28" type="cond" truecount="2" falsecount="0"/>
      <line num="96" count="1" type="stmt"/>
      <line num="99" count="27" type="stmt"/>
      <line num="108" count="8" type="stmt"/>
      <line num="109" count="10" type="stmt"/>
      <line num="113" count="2" type="stmt"/>
    </file>
  </project>
</coverage>
