<?xml version="1.0" encoding="UTF-8"?>
<coverage generated="1775442612693" clover="3.2.0">
  <project timestamp="1775442612693" name="All files">
    <metrics statements="41" coveredstatements="41" conditionals="42" coveredconditionals="42" methods="5" coveredmethods="5" elements="88" coveredelements="88" complexity="0" loc="41" ncloc="41" packages="1" files="1" classes="1"/>
    <file name="checkout-utils.js" path="/Users/simongonzalezdecruz/Desktop/OMC/cerafica/netlify/functions/checkout-utils.js">
      <metrics statements="41" coveredstatements="41" conditionals="42" coveredconditionals="42" methods="5" coveredmethods="5"/>
      <line num="7" count="2" type="stmt"/>
      <line num="18" count="16" type="cond" truecount="2" falsecount="0"/>
      <line num="28" count="85" type="cond" truecount="4" falsecount="0"/>
      <line num="29" count="4" type="stmt"/>
      <line num="32" count="81" type="stmt"/>
      <line num="33" count="81" type="stmt"/>
      <line num="35" count="81" type="cond" truecount="2" falsecount="0"/>
      <line num="36" count="1" type="stmt"/>
      <line num="39" count="80" type="stmt"/>
      <line num="40" count="80" type="stmt"/>
      <line num="42" count="80" type="stmt"/>
      <line num="44" count="83" type="cond" truecount="2" falsecount="0"/>
      <line num="47" count="82" type="cond" truecount="4" falsecount="0"/>
      <line num="48" count="2" type="stmt"/>
      <line num="52" count="80" type="cond" truecount="5" falsecount="0"/>
      <line num="53" count="12" type="stmt"/>
      <line num="57" count="68" type="cond" truecount="2" falsecount="0"/>
      <line num="58" count="2" type="stmt"/>
      <line num="60" count="66" type="stmt"/>
      <line num="63" count="84" type="stmt"/>
      <line num="65" count="66" type="cond" truecount="2" falsecount="0"/>
      <line num="66" count="28" type="stmt"/>
      <line num="70" count="38" type="cond" truecount="4" falsecount="0"/>
      <line num="71" count="4" type="stmt"/>
      <line num="75" count="34" type="stmt"/>
      <line num="76" count="34" type="cond" truecount="2" falsecount="0"/>
      <line num="77" count="1" type="stmt"/>
      <line num="79" count="33" type="stmt"/>
      <line num="80" count="33" type="cond" truecount="5" falsecount="0"/>
      <line num="81" count="6" type="stmt"/>
      <line num="85" count="27" type="cond" truecount="4" falsecount="0"/>
      <line num="86" count="2" type="stmt"/>
      <line num="90" count="25" type="cond" truecount="2" falsecount="0"/>
      <line num="91" count="9" type="stmt"/>
      <line num="94" count="25" type="stmt"/>
      <line num="109" count="23" type="cond" truecount="2" falsecount="0"/>
      <line num="110" count="1" type="stmt"/>
      <line num="113" count="22" type="stmt"/>
      <line num="122" count="8" type="stmt"/>
      <line num="123" count="10" type="stmt"/>
      <line num="127" count="2" type="stmt"/>
    </file>
  </project>
</coverage>
