{"/Users/simongonzalezdecruz/Desktop/OMC/cerafica/netlify/functions/checkout-utils.js": {"path":"/Users/simongonzalezdecruz/Desktop/OMC/cerafica/netlify/functions/checkout-utils.js","statementMap":{"0":{"start":{"line":7,"column":23},"end":{"line":10,"column":1}},"1":{"start":{"line":18,"column":2},"end":{"line":18,"column":82}},"2":{"start":{"line":28,"column":2},"end":{"line":30,"column":3}},"3":{"start":{"line":29,"column":4},"end":{"line":29,"column":52}},"4":{"start":{"line":32,"column":23},"end":{"line":32,"column":25}},"5":{"start":{"line":33,"column":25},"end":{"line":33,"column":27}},"6":{"start":{"line":35,"column":2},"end":{"line":37,"column":3}},"7":{"start":{"line":36,"column":4},"end":{"line":36,"column":92}},"8":{"start":{"line":39,"column":25},"end":{"line":39,"column":27}},"9":{"start":{"line":40,"column":18},"end":{"line":40,"column":27}},"10":{"start":{"line":42,"column":2},"end":{"line":106,"column":3}},"11":{"start":{"line":44,"column":4},"end":{"line":44,"column":41}},"12":{"start":{"line":44,"column":32},"end":{"line":44,"column":41}},"13":{"start":{"line":47,"column":4},"end":{"line":49,"column":5}},"14":{"start":{"line":48,"column":6},"end":{"line":48,"column":58}},"15":{"start":{"line":52,"column":4},"end":{"line":54,"column":5}},"16":{"start":{"line":53,"column":6},"end":{"line":53,"column":61}},"17":{"start":{"line":57,"column":4},"end":{"line":59,"column":5}},"18":{"start":{"line":58,"column":6},"end":{"line":58,"column":79}},"19":{"start":{"line":60,"column":4},"end":{"line":60,"column":37}},"20":{"start":{"line":63,"column":20},"end":{"line":63,"column":60}},"21":{"start":{"line":63,"column":39},"end":{"line":63,"column":59}},"22":{"start":{"line":65,"column":4},"end":{"line":67,"column":5}},"23":{"start":{"line":66,"column":6},"end":{"line":66,"column":74}},"24":{"start":{"line":70,"column":4},"end":{"line":72,"column":5}},"25":{"start":{"line":71,"column":6},"end":{"line":71,"column":79}},"26":{"start":{"line":75,"column":19},"end":{"line":75,"column":36}},"27":{"start":{"line":76,"column":4},"end":{"line":78,"column":5}},"28":{"start":{"line":77,"column":6},"end":{"line":77,"column":77}},"29":{"start":{"line":79,"column":21},"end":{"line":79,"column":35}},"30":{"start":{"line":80,"column":4},"end":{"line":82,"column":5}},"31":{"start":{"line":81,"column":6},"end":{"line":81,"column":99}},"32":{"start":{"line":85,"column":4},"end":{"line":87,"column":5}},"33":{"start":{"line":86,"column":6},"end":{"line":86,"column":74}},"34":{"start":{"line":90,"column":4},"end":{"line":92,"column":5}},"35":{"start":{"line":91,"column":6},"end":{"line":91,"column":107}},"36":{"start":{"line":94,"column":4},"end":{"line":105,"column":7}},"37":{"start":{"line":109,"column":2},"end":{"line":111,"column":3}},"38":{"start":{"line":110,"column":4},"end":{"line":110,"column":52}},"39":{"start":{"line":113,"column":2},"end":{"line":113,"column":48}},"40":{"start":{"line":122,"column":2},"end":{"line":124,"column":8}},"41":{"start":{"line":123,"column":4},"end":{"line":123,"column":63}},"42":{"start":{"line":127,"column":0},"end":{"line":132,"column":2}}},"fnMap":{"0":{"name":"calculateShipping","decl":{"start":{"line":17,"column":9},"end":{"line":17,"column":26}},"loc":{"start":{"line":17,"column":37},"end":{"line":19,"column":1}},"line":17},"1":{"name":"validateCart","decl":{"start":{"line":27,"column":9},"end":{"line":27,"column":21}},"loc":{"start":{"line":27,"column":43},"end":{"line":114,"column":1}},"line":27},"2":{"name":"(anonymous_2)","decl":{"start":{"line":63,"column":34},"end":{"line":63,"column":35}},"loc":{"start":{"line":63,"column":39},"end":{"line":63,"column":59}},"line":63},"3":{"name":"calculateSubtotal","decl":{"start":{"line":121,"column":9},"end":{"line":121,"column":26}},"loc":{"start":{"line":121,"column":34},"end":{"line":125,"column":1}},"line":121},"4":{"name":"(anonymous_4)","decl":{"start":{"line":122,"column":22},"end":{"line":122,"column":23}},"loc":{"start":{"line":122,"column":37},"end":{"line":124,"column":3}},"line":122}},"branchMap":{"0":{"loc":{"start":{"line":18,"column":9},"end":{"line":18,"column":81}},"type":"cond-expr","locations":[{"start":{"line":18,"column":53},"end":{"line":18,"column":54}},{"start":{"line":18,"column":57},"end":{"line":18,"column":81}}],"line":18},"1":{"loc":{"start":{"line":28,"column":2},"end":{"line":30,"column":3}},"type":"if","locations":[{"start":{"line":28,"column":2},"end":{"line":30,"column":3}},{"start":{},"end":{}}],"line":28},"2":{"loc":{"start":{"line":28,"column":6},"end":{"line":28,"column":57}},"type":"binary-expr","locations":[{"start":{"line":28,"column":6},"end":{"line":28,"column":31}},{"start":{"line":28,"column":35},"end":{"line":28,"column":57}}],"line":28},"3":{"loc":{"start":{"line":35,"column":2},"end":{"line":37,"column":3}},"type":"if","locations":[{"start":{"line":35,"column":2},"end":{"line":37,"column":3}},{"start":{},"end":{}}],"line":35},"4":{"loc":{"start":{"line":44,"column":4},"end":{"line":44,"column":41}},"type":"if","locations":[{"start":{"line":44,"column":4},"end":{"line":44,"column":41}},{"start":{},"end":{}}],"line":44},"5":{"loc":{"start":{"line":47,"column":4},"end":{"line":49,"column":5}},"type":"if","locations":[{"start":{"line":47,"column":4},"end":{"line":49,"column":5}},{"start":{},"end":{}}],"line":47},"6":{"loc":{"start":{"line":47,"column":8},"end":{"line":47,"column":49}},"type":"binary-expr","locations":[{"start":{"line":47,"column":8},"end":{"line":47,"column":17}},{"start":{"line":47,"column":21},"end":{"line":47,"column":49}}],"line":47},"7":{"loc":{"start":{"line":52,"column":4},"end":{"line":54,"column":5}},"type":"if","locations":[{"start":{"line":52,"column":4},"end":{"line":54,"column":5}},{"start":{},"end":{}}],"line":52},"8":{"loc":{"start":{"line":52,"column":8},"end":{"line":52,"column":92}},"type":"binary-expr","locations":[{"start":{"line":52,"column":8},"end":{"line":52,"column":20}},{"start":{"line":52,"column":25},"end":{"line":52,"column":56}},{"start":{"line":52,"column":60},"end":{"line":52,"column":91}}],"line":52},"9":{"loc":{"start":{"line":57,"column":4},"end":{"line":59,"column":5}},"type":"if","locations":[{"start":{"line":57,"column":4},"end":{"line":59,"column":5}},{"start":{},"end":{}}],"line":57},"10":{"loc":{"start":{"line":65,"column":4},"end":{"line":67,"column":5}},"type":"if","locations":[{"start":{"line":65,"column":4},"end":{"line":67,"column":5}},{"start":{},"end":{}}],"line":65},"11":{"loc":{"start":{"line":70,"column":4},"end":{"line":72,"column":5}},"type":"if","locations":[{"start":{"line":70,"column":4},"end":{"line":72,"column":5}},{"start":{},"end":{}}],"line":70},"12":{"loc":{"start":{"line":70,"column":8},"end":{"line":70,"column":49}},"type":"binary-expr","locations":[{"start":{"line":70,"column":8},"end":{"line":70,"column":26}},{"start":{"line":70,"column":30},"end":{"line":70,"column":49}}],"line":70},"13":{"loc":{"start":{"line":76,"column":4},"end":{"line":78,"column":5}},"type":"if","locations":[{"start":{"line":76,"column":4},"end":{"line":78,"column":5}},{"start":{},"end":{}}],"line":76},"14":{"loc":{"start":{"line":80,"column":4},"end":{"line":82,"column":5}},"type":"if","locations":[{"start":{"line":80,"column":4},"end":{"line":82,"column":5}},{"start":{},"end":{}}],"line":80},"15":{"loc":{"start":{"line":80,"column":8},"end":{"line":80,"column":78}},"type":"binary-expr","locations":[{"start":{"line":80,"column":8},"end":{"line":80,"column":35}},{"start":{"line":80,"column":39},"end":{"line":80,"column":51}},{"start":{"line":80,"column":55},"end":{"line":80,"column":78}}],"line":80},"16":{"loc":{"start":{"line":85,"column":4},"end":{"line":87,"column":5}},"type":"if","locations":[{"start":{"line":85,"column":4},"end":{"line":87,"column":5}},{"start":{},"end":{}}],"line":85},"17":{"loc":{"start":{"line":85,"column":8},"end":{"line":85,"column":42}},"type":"binary-expr","locations":[{"start":{"line":85,"column":8},"end":{"line":85,"column":26}},{"start":{"line":85,"column":30},"end":{"line":85,"column":42}}],"line":85},"18":{"loc":{"start":{"line":90,"column":4},"end":{"line":92,"column":5}},"type":"if","locations":[{"start":{"line":90,"column":4},"end":{"line":92,"column":5}},{"start":{},"end":{}}],"line":90},"19":{"loc":{"start":{"line":109,"column":2},"end":{"line":111,"column":3}},"type":"if","locations":[{"start":{"line":109,"column":2},"end":{"line":111,"column":3}},{"start":{},"end":{}}],"line":109}},"s":{"0":2,"1":16,"2":85,"3":4,"4":81,"5":81,"6":81,"7":1,"8":80,"9":80,"10":80,"11":83,"12":1,"13":82,"14":2,"15":80,"16":12,"17":68,"18":2,"19":66,"20":66,"21":84,"22":66,"23":28,"24":38,"25":4,"26":34,"27":34,"28":1,"29":33,"30":33,"31":6,"32":27,"33":2,"34":25,"35":9,"36":25,"37":23,"38":1,"39":22,"40":8,"41":10,"42":2},"f":{"0":16,"1":85,"2":84,"3":8,"4":10},"b":{"0":[9,7],"1":[4,81],"2":[85,82],"3":[1,80],"4":[1,82],"5":[2,80],"6":[82,81],"7":[12,68],"8":[80,78,10],"9":[2,66],"10":[28,38],"11":[4,34],"12":[38,34],"13":[1,33],"14":[6,27],"15":[33,31,29],"16":[2,25],"17":[27,5],"18":[9,16],"19":[1,22]},"_coverageSchema":"1a1c01bbd47fc00a2c39e90264f33305004495a9","hash":"296bc06d24ed437be3199b7b538d7ba418df6eaa"}
}
