{"/Users/simongonzalezdecruz/workspaces/cerafica/netlify/functions/checkout-utils.js": {"path":"/Users/simongonzalezdecruz/workspaces/cerafica/netlify/functions/checkout-utils.js","statementMap":{"0":{"start":{"line":7,"column":23},"end":{"line":10,"column":1}},"1":{"start":{"line":18,"column":2},"end":{"line":18,"column":82}},"2":{"start":{"line":28,"column":2},"end":{"line":30,"column":3}},"3":{"start":{"line":29,"column":4},"end":{"line":29,"column":52}},"4":{"start":{"line":32,"column":25},"end":{"line":32,"column":27}},"5":{"start":{"line":34,"column":2},"end":{"line":92,"column":3}},"6":{"start":{"line":36,"column":4},"end":{"line":36,"column":41}},"7":{"start":{"line":36,"column":32},"end":{"line":36,"column":41}},"8":{"start":{"line":39,"column":4},"end":{"line":41,"column":5}},"9":{"start":{"line":40,"column":6},"end":{"line":40,"column":58}},"10":{"start":{"line":44,"column":4},"end":{"line":46,"column":5}},"11":{"start":{"line":45,"column":6},"end":{"line":45,"column":61}},"12":{"start":{"line":49,"column":20},"end":{"line":49,"column":60}},"13":{"start":{"line":49,"column":39},"end":{"line":49,"column":59}},"14":{"start":{"line":51,"column":4},"end":{"line":53,"column":5}},"15":{"start":{"line":52,"column":6},"end":{"line":52,"column":74}},"16":{"start":{"line":56,"column":4},"end":{"line":58,"column":5}},"17":{"start":{"line":57,"column":6},"end":{"line":57,"column":79}},"18":{"start":{"line":61,"column":19},"end":{"line":61,"column":36}},"19":{"start":{"line":62,"column":4},"end":{"line":64,"column":5}},"20":{"start":{"line":63,"column":6},"end":{"line":63,"column":77}},"21":{"start":{"line":65,"column":21},"end":{"line":65,"column":35}},"22":{"start":{"line":66,"column":4},"end":{"line":68,"column":5}},"23":{"start":{"line":67,"column":6},"end":{"line":67,"column":77}},"24":{"start":{"line":71,"column":4},"end":{"line":73,"column":5}},"25":{"start":{"line":72,"column":6},"end":{"line":72,"column":74}},"26":{"start":{"line":76,"column":4},"end":{"line":78,"column":5}},"27":{"start":{"line":77,"column":6},"end":{"line":77,"column":107}},"28":{"start":{"line":80,"column":4},"end":{"line":91,"column":7}},"29":{"start":{"line":95,"column":2},"end":{"line":97,"column":3}},"30":{"start":{"line":96,"column":4},"end":{"line":96,"column":52}},"31":{"start":{"line":99,"column":2},"end":{"line":99,"column":48}},"32":{"start":{"line":108,"column":2},"end":{"line":110,"column":8}},"33":{"start":{"line":109,"column":4},"end":{"line":109,"column":63}},"34":{"start":{"line":113,"column":0},"end":{"line":118,"column":2}}},"fnMap":{"0":{"name":"calculateShipping","decl":{"start":{"line":17,"column":9},"end":{"line":17,"column":26}},"loc":{"start":{"line":17,"column":37},"end":{"line":19,"column":1}},"line":17},"1":{"name":"validateCart","decl":{"start":{"line":27,"column":9},"end":{"line":27,"column":21}},"loc":{"start":{"line":27,"column":43},"end":{"line":100,"column":1}},"line":27},"2":{"name":"(anonymous_2)","decl":{"start":{"line":49,"column":34},"end":{"line":49,"column":35}},"loc":{"start":{"line":49,"column":39},"end":{"line":49,"column":59}},"line":49},"3":{"name":"calculateSubtotal","decl":{"start":{"line":107,"column":9},"end":{"line":107,"column":26}},"loc":{"start":{"line":107,"column":34},"end":{"line":111,"column":1}},"line":107},"4":{"name":"(anonymous_4)","decl":{"start":{"line":108,"column":22},"end":{"line":108,"column":23}},"loc":{"start":{"line":108,"column":37},"end":{"line":110,"column":3}},"line":108}},"branchMap":{"0":{"loc":{"start":{"line":18,"column":9},"end":{"line":18,"column":81}},"type":"cond-expr","locations":[{"start":{"line":18,"column":53},"end":{"line":18,"column":54}},{"start":{"line":18,"column":57},"end":{"line":18,"column":81}}],"line":18},"1":{"loc":{"start":{"line":28,"column":2},"end":{"line":30,"column":3}},"type":"if","locations":[{"start":{"line":28,"column":2},"end":{"line":30,"column":3}},{"start":{},"end":{}}],"line":28},"2":{"loc":{"start":{"line":28,"column":6},"end":{"line":28,"column":57}},"type":"binary-expr","locations":[{"start":{"line":28,"column":6},"end":{"line":28,"column":31}},{"start":{"line":28,"column":35},"end":{"line":28,"column":57}}],"line":28},"3":{"loc":{"start":{"line":36,"column":4},"end":{"line":36,"column":41}},"type":"if","locations":[{"start":{"line":36,"column":4},"end":{"line":36,"column":41}},{"start":{},"end":{}}],"line":36},"4":{"loc":{"start":{"line":39,"column":4},"end":{"line":41,"column":5}},"type":"if","locations":[{"start":{"line":39,"column":4},"end":{"line":41,"column":5}},{"start":{},"end":{}}],"line":39},"5":{"loc":{"start":{"line":39,"column":8},"end":{"line":39,"column":49}},"type":"binary-expr","locations":[{"start":{"line":39,"column":8},"end":{"line":39,"column":17}},{"start":{"line":39,"column":21},"end":{"line":39,"column":49}}],"line":39},"6":{"loc":{"start":{"line":44,"column":4},"end":{"line":46,"column":5}},"type":"if","locations":[{"start":{"line":44,"column":4},"end":{"line":46,"column":5}},{"start":{},"end":{}}],"line":44},"7":{"loc":{"start":{"line":44,"column":8},"end":{"line":44,"column":92}},"type":"binary-expr","locations":[{"start":{"line":44,"column":8},"end":{"line":44,"column":20}},{"start":{"line":44,"column":25},"end":{"line":44,"column":56}},{"start":{"line":44,"column":60},"end":{"line":44,"column":91}}],"line":44},"8":{"loc":{"start":{"line":51,"column":4},"end":{"line":53,"column":5}},"type":"if","locations":[{"start":{"line":51,"column":4},"end":{"line":53,"column":5}},{"start":{},"end":{}}],"line":51},"9":{"loc":{"start":{"line":56,"column":4},"end":{"line":58,"column":5}},"type":"if","locations":[{"start":{"line":56,"column":4},"end":{"line":58,"column":5}},{"start":{},"end":{}}],"line":56},"10":{"loc":{"start":{"line":56,"column":8},"end":{"line":56,"column":49}},"type":"binary-expr","locations":[{"start":{"line":56,"column":8},"end":{"line":56,"column":26}},{"start":{"line":56,"column":30},"end":{"line":56,"column":49}}],"line":56},"11":{"loc":{"start":{"line":62,"column":4},"end":{"line":64,"column":5}},"type":"if","locations":[{"start":{"line":62,"column":4},"end":{"line":64,"column":5}},{"start":{},"end":{}}],"line":62},"12":{"loc":{"start":{"line":66,"column":4},"end":{"line":68,"column":5}},"type":"if","locations":[{"start":{"line":66,"column":4},"end":{"line":68,"column":5}},{"start":{},"end":{}}],"line":66},"13":{"loc":{"start":{"line":66,"column":8},"end":{"line":66,"column":51}},"type":"binary-expr","locations":[{"start":{"line":66,"column":8},"end":{"line":66,"column":35}},{"start":{"line":66,"column":39},"end":{"line":66,"column":51}}],"line":66},"14":{"loc":{"start":{"line":71,"column":4},"end":{"line":73,"column":5}},"type":"if","locations":[{"start":{"line":71,"column":4},"end":{"line":73,"column":5}},{"start":{},"end":{}}],"line":71},"15":{"loc":{"start":{"line":71,"column":8},"end":{"line":71,"column":42}},"type":"binary-expr","locations":[{"start":{"line":71,"column":8},"end":{"line":71,"column":26}},{"start":{"line":71,"column":30},"end":{"line":71,"column":42}}],"line":71},"16":{"loc":{"start":{"line":76,"column":4},"end":{"line":78,"column":5}},"type":"if","locations":[{"start":{"line":76,"column":4},"end":{"line":78,"column":5}},{"start":{},"end":{}}],"line":76},"17":{"loc":{"start":{"line":95,"column":2},"end":{"line":97,"column":3}},"type":"if","locations":[{"start":{"line":95,"column":2},"end":{"line":97,"column":3}},{"start":{},"end":{}}],"line":95}},"s":{"0":2,"1":16,"2":85,"3":4,"4":81,"5":81,"6":183,"7":100,"8":83,"9":2,"10":81,"11":12,"12":69,"13":88,"14":69,"15":28,"16":41,"17":4,"18":37,"19":37,"20":1,"21":36,"22":36,"23":4,"24":32,"25":2,"26":30,"27":9,"28":30,"29":28,"30":1,"31":27,"32":8,"33":10,"34":2},"f":{"0":16,"1":85,"2":88,"3":8,"4":10},"b":{"0":[9,7],"1":[4,81],"2":[85,82],"3":[100,83],"4":[2,81],"5":[83,82],"6":[12,69],"7":[81,79,10],"8":[28,41],"9":[4,37],"10":[41,37],"11":[1,36],"12":[4,32],"13":[36,34],"14":[2,30],"15":[32,6],"16":[9,21],"17":[1,27]},"_coverageSchema":"1a1c01bbd47fc00a2c39e90264f33305004495a9","hash":"15ab42ca19c23bff14cb2142fbf3f6ebaae02577"}
}
