TN:
SF:netlify/functions/checkout-utils.js
FN:17,calculateShipping
FN:27,validateCart
FN:63,(anonymous_2)
FN:121,calculateSubtotal
FN:122,(anonymous_4)
FNF:5
FNH:5
FNDA:16,calculateShipping
FNDA:85,validateCart
FNDA:84,(anonymous_2)
FNDA:8,calculateSubtotal
FNDA:10,(anonymous_4)
DA:7,2
DA:18,16
DA:28,85
DA:29,4
DA:32,81
DA:33,81
DA:35,81
DA:36,1
DA:39,80
DA:40,80
DA:42,80
DA:44,83
DA:47,82
DA:48,2
DA:52,80
DA:53,12
DA:57,68
DA:58,2
DA:60,66
DA:63,84
DA:65,66
DA:66,28
DA:70,38
DA:71,4
DA:75,34
DA:76,34
DA:77,1
DA:79,33
DA:80,33
DA:81,6
DA:85,27
DA:86,2
DA:90,25
DA:91,9
DA:94,25
DA:109,23
DA:110,1
DA:113,22
DA:122,8
DA:123,10
DA:127,2
LF:41
LH:41
BRDA:18,0,0,9
BRDA:18,0,1,7
BRDA:28,1,0,4
BRDA:28,1,1,81
BRDA:28,2,0,85
BRDA:28,2,1,82
BRDA:35,3,0,1
BRDA:35,3,1,80
BRDA:44,4,0,1
BRDA:44,4,1,82
BRDA:47,5,0,2
BRDA:47,5,1,80
BRDA:47,6,0,82
BRDA:47,6,1,81
BRDA:52,7,0,12
BRDA:52,7,1,68
BRDA:52,8,0,80
BRDA:52,8,1,78
BRDA:52,8,2,10
BRDA:57,9,0,2
BRDA:57,9,1,66
BRDA:65,10,0,28
BRDA:65,10,1,38
BRDA:70,11,0,4
BRDA:70,11,1,34
BRDA:70,12,0,38
BRDA:70,12,1,34
BRDA:76,13,0,1
BRDA:76,13,1,33
BRDA:80,14,0,6
BRDA:80,14,1,27
BRDA:80,15,0,33
BRDA:80,15,1,31
BRDA:80,15,2,29
BRDA:85,16,0,2
BRDA:85,16,1,25
BRDA:85,17,0,27
BRDA:85,17,1,5
BRDA:90,18,0,9
BRDA:90,18,1,16
BRDA:109,19,0,1
BRDA:109,19,1,22
BRF:42
BRH:42
end_of_record
