TN:
SF:netlify/functions/checkout-utils.js
FN:17,calculateShipping
FN:27,validateCart
FN:49,(anonymous_2)
FN:107,calculateSubtotal
FN:108,(anonymous_4)
FNF:5
FNH:5
FNDA:16,calculateShipping
FNDA:85,validateCart
FNDA:88,(anonymous_2)
FNDA:8,calculateSubtotal
FNDA:10,(anonymous_4)
DA:7,2
DA:18,16
DA:28,85
DA:29,4
DA:32,81
DA:34,81
DA:36,183
DA:39,83
DA:40,2
DA:44,81
DA:45,12
DA:49,88
DA:51,69
DA:52,28
DA:56,41
DA:57,4
DA:61,37
DA:62,37
DA:63,1
DA:65,36
DA:66,36
DA:67,4
DA:71,32
DA:72,2
DA:76,30
DA:77,9
DA:80,30
DA:95,28
DA:96,1
DA:99,27
DA:108,8
DA:109,10
DA:113,2
LF:33
LH:33
BRDA:18,0,0,9
BRDA:18,0,1,7
BRDA:28,1,0,4
BRDA:28,1,1,81
BRDA:28,2,0,85
BRDA:28,2,1,82
BRDA:36,3,0,100
BRDA:36,3,1,83
BRDA:39,4,0,2
BRDA:39,4,1,81
BRDA:39,5,0,83
BRDA:39,5,1,82
BRDA:44,6,0,12
BRDA:44,6,1,69
BRDA:44,7,0,81
BRDA:44,7,1,79
BRDA:44,7,2,10
BRDA:51,8,0,28
BRDA:51,8,1,41
BRDA:56,9,0,4
BRDA:56,9,1,37
BRDA:56,10,0,41
BRDA:56,10,1,37
BRDA:62,11,0,1
BRDA:62,11,1,36
BRDA:66,12,0,4
BRDA:66,12,1,32
BRDA:66,13,0,36
BRDA:66,13,1,34
BRDA:71,14,0,2
BRDA:71,14,1,30
BRDA:71,15,0,32
BRDA:71,15,1,6
BRDA:76,16,0,9
BRDA:76,16,1,21
BRDA:95,17,0,1
BRDA:95,17,1,27
BRF:37
BRH:37
end_of_record
